<?xml version="1.0" encoding="UTF-8"?>
<testsuites name="Indicator Test Suite" time="154.493" tests="1" failures="0" errors="0">
   <testsuite name="Indicator Test Suite" tests="1" failures="0" errors="0" time="154.493" skipped="0" timestamp="2025-08-06T05:23:02.823Z" hostname="santh - Santhosh" id="Test Suites/Indicator/Indicator Test Suite">
      <properties>
[...]
</properties>
      <testcase name="Test Cases/Indicator Current Date-1, 1 response interval and 1 reporting days" time="153.633" classname="Test Cases/Indicator Current Date-1, 1 response interval and 1 reporting days" status="PASSED">
         <system-out><![CDATA[06-08-2025T10:53:03 - [TEST_CASE][PASSED] - Test Cases/Indicator Current Date-1, 1 response interval and 1 reporting days: Test Cases/Indicator Current Date-1, 1 response interval and 1 reporting days

06-08-2025T10:53:04 - [TEST_STEP][PASSED] - openBrowser("https://bug-nation.cgrfoundation-staging.com/accounts/login"): Browser is opened with url: 'https://bug-nation.cgrfoundation-staging.com/accounts/login'

06-08-2025T10:53:04 - [MESSAGE][INFO] - User set preference: ['browserVersion', '138']

06-08-2025T10:53:04 - [MESSAGE][INFO] - User set preference: ['browserName', 'chrome']

06-08-2025T10:53:04 - [MESSAGE][INFO] - User set preference: ['platformName', 'windows']

06-08-2025T10:53:04 - [MESSAGE][INFO] - User set preference: ['katalon:options', '{metadata={organizationId=2293188, accountId=1532955, channel=kse;v=10.2.3, projectId=2256648}, executionMode=queue, usingTunnel=false}']

06-08-2025T10:53:04 - [MESSAGE][INFO] - Connecting to remote web server 'testcloud.katalon.com/wd/hub' with type 'Selenium'

06-08-2025T10:53:05 - [MESSAGE][INFO] - Action delay is set to 0 milliseconds

06-08-2025T10:53:16 - [MESSAGE][WARNING] - Your browser version or type does not support the BiDirectional WebDriver Protocol which is required for Smart Locator functionality. Please update your browser or switch to a compatible one.

06-08-2025T10:53:16 - [MESSAGE][WARNING] - Your browser version or type does not support the BiDirectional WebDriver Protocol which is required for Smart Locator functionality. Please update your browser or switch to a compatible one.

06-08-2025T10:53:16 - [MESSAGE][WARNING] - Your browser version or type does not support the BiDirectional WebDriver Protocol which is required for Smart Locator functionality. Please update your browser or switch to a compatible one.

06-08-2025T10:53:18 - [MESSAGE][PASSED] - Browser is opened with url: 'https://bug-nation.cgrfoundation-staging.com/accounts/login'

06-08-2025T10:53:18 - [TEST_STEP][PASSED] - navigateToUrl("https://bug-nation.cgrfoundation-staging.com/accounts/login"): Navigate to 'https://bug-nation.cgrfoundation-staging.com/accounts/login' successfully

06-08-2025T10:53:19 - [MESSAGE][PASSED] - Navigate to 'https://bug-nation.cgrfoundation-staging.com/accounts/login' successfully

06-08-2025T10:53:19 - [TEST_STEP][PASSED] - maximizeWindow(): Current window maximized

06-08-2025T10:53:20 - [MESSAGE][PASSED] - Current window maximized

06-08-2025T10:53:20 - [TEST_STEP][PASSED] - setText(findTestObject("Object Repository/Page_CGR Foundation/input_Email address_accountemail"), "santhosh.nidamanuri@corpgovrisk.com"): Text 'santhosh.nidamanuri@corpgovrisk.com' is set on object 'Object Repository/Page_CGR Foundation/input_Email address_accountemail'

06-08-2025T10:53:23 - [MESSAGE][PASSED] - Text 'santhosh.nidamanuri@corpgovrisk.com' is set on object 'Object Repository/Page_CGR Foundation/input_Email address_accountemail'

06-08-2025T10:53:23 - [TEST_STEP][PASSED] - setEncryptedText(findTestObject("Object Repository/Page_CGR Foundation/input_Password_accountpassword"), "g9InqrzvBVyAQwkGaiz+Ig=="): Text ****** has been set on object 'Object Repository/Page_CGR Foundation/input_Password_accountpassword'

06-08-2025T10:53:25 - [MESSAGE][PASSED] - Text ****** has been set on object 'Object Repository/Page_CGR Foundation/input_Password_accountpassword'

06-08-2025T10:53:25 - [TEST_STEP][PASSED] - click(findTestObject("Object Repository/Page_CGR Foundation/input_Remember me_commit")): Object: 'Object Repository/Page_CGR Foundation/input_Remember me_commit' is clicked on

06-08-2025T10:53:30 - [MESSAGE][PASSED] - Object: 'Object Repository/Page_CGR Foundation/input_Remember me_commit' is clicked on

06-08-2025T10:53:30 - [TEST_STEP][PASSED] - navigateToUrl("https://bug-nation.cgrfoundation-staging.com/indicators/110"): Navigate to 'https://bug-nation.cgrfoundation-staging.com/indicators/110' successfully

06-08-2025T10:53:32 - [MESSAGE][PASSED] - Navigate to 'https://bug-nation.cgrfoundation-staging.com/indicators/110' successfully

06-08-2025T10:53:32 - [TEST_STEP][PASSED] - click(findTestObject("Object Repository/Page_Indicators - CGR Foundation (6)/button_Edit")): Object: 'Object Repository/Page_Indicators - CGR Foundation (6)/button_Edit' is clicked on

06-08-2025T10:54:03 - [MESSAGE][PASSED] - Object: 'Object Repository/Page_Indicators - CGR Foundation (6)/button_Edit' is clicked on

06-08-2025T10:54:03 - [TEST_STEP][PASSED] - click(findTestObject("Object Repository/Page_Indicators - CGR Foundation (6)/input_Next Report Date_due_date")): Object: 'Object Repository/Page_Indicators - CGR Foundation (6)/input_Next Report Date_due_date' is clicked on

06-08-2025T10:54:04 - [MESSAGE][PASSED] - Object: 'Object Repository/Page_Indicators - CGR Foundation (6)/input_Next Report Date_due_date' is clicked on

06-08-2025T10:54:04 - [TEST_STEP][PASSED] - setText(findTestObject("Object Repository/Page_Indicators - CGR Foundation (6)/input_Next Report Date_due_date"), minusDays(1).format(DateTimeFormatter.ofPattern("dd/MM/yyyy"))): Text '05/08/2025' is set on object 'Object Repository/Page_Indicators - CGR Foundation (6)/input_Next Report Date_due_date'

06-08-2025T10:54:06 - [MESSAGE][PASSED] - Text '05/08/2025' is set on object 'Object Repository/Page_Indicators - CGR Foundation (6)/input_Next Report Date_due_date'

06-08-2025T10:54:06 - [TEST_STEP][PASSED] - click(findTestObject("Object Repository/Page_Indicators - CGR Foundation (6)/button_Save")): Object: 'Object Repository/Page_Indicators - CGR Foundation (6)/button_Save' is clicked on

06-08-2025T10:54:07 - [MESSAGE][PASSED] - Object: 'Object Repository/Page_Indicators - CGR Foundation (6)/button_Save' is clicked on

06-08-2025T10:54:07 - [TEST_STEP][PASSED] - verifyElementText(findTestObject("Object Repository/Page_Indicators - CGR Foundation (6)/div_08 July, 2025"), minusDays(1).format(DateTimeFormatter.ofPattern("dd MMMM, yyyy"))): Actual text and expected text of test object 'Object Repository/Page_Indicators - CGR Foundation (6)/div_08 July, 2025' are matched.

06-08-2025T10:54:11 - [MESSAGE][PASSED] - Actual text and expected text of test object 'Object Repository/Page_Indicators - CGR Foundation (6)/div_08 July, 2025' are matched.

06-08-2025T10:54:11 - [TEST_STEP][PASSED] - navigateToUrl("https://bug-nation.cgrfoundation-staging.com/admin/jobs"): Navigate to 'https://bug-nation.cgrfoundation-staging.com/admin/jobs' successfully

06-08-2025T10:54:14 - [MESSAGE][PASSED] - Navigate to 'https://bug-nation.cgrfoundation-staging.com/admin/jobs' successfully

06-08-2025T10:54:14 - [TEST_STEP][PASSED] - click(findTestObject("Object Repository/Page_Background Jobs - CGR Foundation (6)/a_Run")): Object: 'Object Repository/Page_Background Jobs - CGR Foundation (6)/a_Run' is clicked on

06-08-2025T10:54:28 - [MESSAGE][PASSED] - Object: 'Object Repository/Page_Background Jobs - CGR Foundation (6)/a_Run' is clicked on

06-08-2025T10:54:28 - [TEST_STEP][PASSED] - navigateToUrl("https://bug-nation.cgrfoundation-staging.com/indicators/110"): Navigate to 'https://bug-nation.cgrfoundation-staging.com/indicators/110' successfully

06-08-2025T10:54:30 - [MESSAGE][PASSED] - Navigate to 'https://bug-nation.cgrfoundation-staging.com/indicators/110' successfully

06-08-2025T10:54:30 - [TEST_STEP][PASSED] - refresh(): Refresh successfully

06-08-2025T10:54:32 - [MESSAGE][PASSED] - Refresh successfully

06-08-2025T10:54:32 - [TEST_STEP][PASSED] - verifyElementText(findTestObject("Object Repository/Page_Indicators - CGR Foundation (6)/div_09 July, 2025"), now().format(DateTimeFormatter.ofPattern("dd MMMM, yyyy"))): Actual text and expected text of test object 'Object Repository/Page_Indicators - CGR Foundation (6)/div_09 July, 2025' are matched.

06-08-2025T10:54:35 - [MESSAGE][PASSED] - Actual text and expected text of test object 'Object Repository/Page_Indicators - CGR Foundation (6)/div_09 July, 2025' are matched.

06-08-2025T10:54:35 - [TEST_STEP][PASSED] - yesterday = minusDays(1).format(DateTimeFormatter.ofPattern("dd MMMM, yyyy")): null

06-08-2025T10:54:35 - [TEST_STEP][PASSED] - driver = getWebDriver(): null

06-08-2025T10:54:35 - [TEST_STEP][PASSED] - xpath = //tr[td[4][text()='$yesterday']]/td[1]/a: null

06-08-2025T10:54:35 - [TEST_STEP][PASSED] - element = driver.findElement(By.xpath(xpath)): null

06-08-2025T10:54:37 - [TEST_STEP][PASSED] - element.click(): null

06-08-2025T10:54:38 - [TEST_STEP][PASSED] - click(findTestObject("Object Repository/Page_Indicator Responses - CGR Foundation (6)/button_Edit_btn btn-default")): Object: 'Object Repository/Page_Indicator Responses - CGR Foundation (6)/button_Edit_btn btn-default' is clicked on

06-08-2025T10:54:39 - [MESSAGE][PASSED] - Object: 'Object Repository/Page_Indicator Responses - CGR Foundation (6)/button_Edit_btn btn-default' is clicked on

06-08-2025T10:54:39 - [TEST_STEP][PASSED] - setText(findTestObject("Object Repository/Page_Indicator Responses - CGR Foundation (6)/textarea_Delete"), "Delete"): Text 'Delete' is set on object 'Object Repository/Page_Indicator Responses - CGR Foundation (6)/textarea_Delete'

06-08-2025T10:54:47 - [MESSAGE][PASSED] - Text 'Delete' is set on object 'Object Repository/Page_Indicator Responses - CGR Foundation (6)/textarea_Delete'

06-08-2025T10:54:47 - [TEST_STEP][PASSED] - click(findTestObject("Object Repository/Page_Indicator Responses - CGR Foundation (6)/button_Delete")): Object: 'Object Repository/Page_Indicator Responses - CGR Foundation (6)/button_Delete' is clicked on

06-08-2025T10:54:49 - [MESSAGE][PASSED] - Object: 'Object Repository/Page_Indicator Responses - CGR Foundation (6)/button_Delete' is clicked on

06-08-2025T10:54:49 - [TEST_STEP][PASSED] - click(findTestObject("Object Repository/Page_Indicators - CGR Foundation (6)/button_Edit")): Object: 'Object Repository/Page_Indicators - CGR Foundation (6)/button_Edit' is clicked on

06-08-2025T10:55:03 - [MESSAGE][PASSED] - Object: 'Object Repository/Page_Indicators - CGR Foundation (6)/button_Edit' is clicked on

06-08-2025T10:55:03 - [TEST_STEP][PASSED] - click(findTestObject("Object Repository/Page_Indicators - CGR Foundation (6)/input_Next Report Date_due_date")): Object: 'Object Repository/Page_Indicators - CGR Foundation (6)/input_Next Report Date_due_date' is clicked on

06-08-2025T10:55:04 - [MESSAGE][PASSED] - Object: 'Object Repository/Page_Indicators - CGR Foundation (6)/input_Next Report Date_due_date' is clicked on

06-08-2025T10:55:04 - [TEST_STEP][PASSED] - click(findTestObject("Object Repository/Page_Indicators - CGR Foundation (6)/span_Dec_glyphicon glyphicon-trash")): Object: 'Object Repository/Page_Indicators - CGR Foundation (6)/span_Dec_glyphicon glyphicon-trash' is clicked on

06-08-2025T10:55:35 - [MESSAGE][PASSED] - Object: 'Object Repository/Page_Indicators - CGR Foundation (6)/span_Dec_glyphicon glyphicon-trash' is clicked on

06-08-2025T10:55:35 - [TEST_STEP][PASSED] - click(findTestObject("Object Repository/Page_Indicators - CGR Foundation (6)/button_Save")): Object: 'Object Repository/Page_Indicators - CGR Foundation (6)/button_Save' is clicked on

06-08-2025T10:55:36 - [MESSAGE][PASSED] - Object: 'Object Repository/Page_Indicators - CGR Foundation (6)/button_Save' is clicked on

06-08-2025T10:55:36 - [TEST_STEP][PASSED] - closeBrowser(): Browser is closed

06-08-2025T10:55:37 - [MESSAGE][PASSED] - Browser is closed]]></system-out>
         <system-err><![CDATA[]]></system-err>
      </testcase>
      <system-out><![CDATA[06-08-2025T10:53:02 - [TEST_SUITE][PASSED] - Indicator Test Suite: null]]></system-out>
      <system-err><![CDATA[]]></system-err>
   </testsuite>
</testsuites>
