<?xml version="1.0" encoding="UTF-8"?>
<testsuites name="Indicator reporting days" time="1.786" tests="1" failures="0" errors="0">
   <testsuite name="Indicator reporting days" tests="1" failures="0" errors="0" time="1.786" skipped="0" timestamp="2025-07-28T07:56:42.075Z" hostname="santh - Santhosh" id="Test Suites/Indicator/Indicator reporting days">
      <properties>
         <property name="deviceName" value=""/>
         <property name="devicePlatform"/>
         <property name="logFolder" value="C:\\Users\\santh\\git\\RegressionSuite\\Reports\\20250728_132018\\Indicator\\Indicator reporting days\\20250728_132637"/>
         <property name="logFiles" value="C:\\Users\\santh\\git\\RegressionSuite\\Reports\\20250728_132018\\Indicator\\Indicator reporting days\\20250728_132637\\console0.log, C:\\Users\\santh\\git\\RegressionSuite\\Reports\\20250728_132018\\Indicator\\Indicator reporting days\\20250728_132637\\execution0.log"/>
         <property name="attachments" value=""/>
         <property name="userFullName" value="Santhosh Nidamanuri"/>
         <property name="hostName" value="santh - Santhosh"/>
         <property name="hostAddress" value="192.168.29.137"/>
         <property name="projectName" value="RegressionSuite"/>
         <property name="os" value="Windows 11 64bit"/>
         <property name="katalonVersion" value="10.2.3.0"/>
      </properties>
      <testcase name="Test Cases/AdminSection" time="1.121" classname="Test Cases/AdminSection" status="INCOMPLETE">
         <system-out><![CDATA[28-07-2025T13:26:42 - [TEST_CASE][INCOMPLETE] - Test Cases/AdminSection: null

28-07-2025T13:26:43 - [TEST_STEP][INCOMPLETE] - openBrowser(""): Action delay is set to 0 milliseconds

28-07-2025T13:26:43 - [MESSAGE][INFO] - User set preference: ['browserVersion', '134']

28-07-2025T13:26:43 - [MESSAGE][INFO] - User set preference: ['browserName', 'chrome']

28-07-2025T13:26:43 - [MESSAGE][INFO] - User set preference: ['platformName', 'windows']

28-07-2025T13:26:43 - [MESSAGE][INFO] - User set preference: ['katalon:options', '{metadata={organizationId=2293188, accountId=1532955, channel=kse;v=10.2.3, projectId=2256648}, executionMode=queue, usingTunnel=false}']

28-07-2025T13:26:43 - [MESSAGE][INFO] - Connecting to remote web server 'testcloud.katalon.com/hub' with type 'Selenium'

28-07-2025T13:26:43 - [MESSAGE][INFO] - Action delay is set to 0 milliseconds]]></system-out>
         <system-err><![CDATA[28-07-2025T13:26:42 - [TEST_CASE][INCOMPLETE] - Test Cases/AdminSection: null]]></system-err>
      </testcase>
      <system-out><![CDATA[28-07-2025T13:26:42 - [TEST_SUITE][INCOMPLETE] - Indicator reporting days: null]]></system-out>
      <system-err><![CDATA[28-07-2025T13:26:42 - [TEST_SUITE][INCOMPLETE] - Indicator reporting days: null]]></system-err>
   </testsuite>
</testsuites>
